[2K[1G[2m$ nest start[22m
[32m[Nest] 99519  - [39m02/25/2025, 7:08:15 AM [32m    LOG[39m [38;5;3m[NestFactory] [39m[32mStarting Nest application...[39m
[32m[Nest] 99519  - [39m02/25/2025, 7:08:15 AM [32m    LOG[39m [38;5;3m[InstanceLoader] [39m[32mAppModule dependencies initialized[39m[38;5;3m +8ms[39m
[32m[Nest] 99519  - [39m02/25/2025, 7:08:15 AM [32m    LOG[39m [38;5;3m[InstanceLoader] [39m[32mPrismaModule dependencies initialized[39m[38;5;3m +285ms[39m
[32m[Nest] 99519  - [39m02/25/2025, 7:08:15 AM [32m    LOG[39m [38;5;3m[InstanceLoader] [39m[32mPdfModule dependencies initialized[39m[38;5;3m +1ms[39m
[32m[Nest] 99519  - [39m02/25/2025, 7:08:15 AM [32m    LOG[39m [38;5;3m[InstanceLoader] [39m[32mProdutosModule dependencies initialized[39m[38;5;3m +3ms[39m
[32m[Nest] 99519  - [39m02/25/2025, 7:08:15 AM [32m    LOG[39m [38;5;3m[InstanceLoader] [39m[32mClientesModule dependencies initialized[39m[38;5;3m +0ms[39m
[32m[Nest] 99519  - [39m02/25/2025, 7:08:15 AM [32m    LOG[39m [38;5;3m[InstanceLoader] [39m[32mPedidosModule dependencies initialized[39m[38;5;3m +0ms[39m
[32m[Nest] 99519  - [39m02/25/2025, 7:08:15 AM [32m    LOG[39m [38;5;3m[RoutesResolver] [39m[32mProdutosController {/produtos}:[39m[38;5;3m +11ms[39m
[32m[Nest] 99519  - [39m02/25/2025, 7:08:15 AM [32m    LOG[39m [38;5;3m[RouterExplorer] [39m[32mMapped {/produtos, POST} route[39m[38;5;3m +1ms[39m
[32m[Nest] 99519  - [39m02/25/2025, 7:08:15 AM [32m    LOG[39m [38;5;3m[RouterExplorer] [39m[32mMapped {/produtos, GET} route[39m[38;5;3m +1ms[39m
[32m[Nest] 99519  - [39m02/25/2025, 7:08:15 AM [32m    LOG[39m [38;5;3m[RouterExplorer] [39m[32mMapped {/produtos/:id, GET} route[39m[38;5;3m +0ms[39m
[32m[Nest] 99519  - [39m02/25/2025, 7:08:15 AM [32m    LOG[39m [38;5;3m[RouterExplorer] [39m[32mMapped {/produtos/:id, PATCH} route[39m[38;5;3m +0ms[39m
[32m[Nest] 99519  - [39m02/25/2025, 7:08:15 AM [32m    LOG[39m [38;5;3m[RouterExplorer] [39m[32mMapped {/produtos/:id, DELETE} route[39m[38;5;3m +0ms[39m
[32m[Nest] 99519  - [39m02/25/2025, 7:08:15 AM [32m    LOG[39m [38;5;3m[RoutesResolver] [39m[32mClientesController {/clientes}:[39m[38;5;3m +0ms[39m
[32m[Nest] 99519  - [39m02/25/2025, 7:08:15 AM [32m    LOG[39m [38;5;3m[RouterExplorer] [39m[32mMapped {/clientes, POST} route[39m[38;5;3m +0ms[39m
[32m[Nest] 99519  - [39m02/25/2025, 7:08:15 AM [32m    LOG[39m [38;5;3m[RouterExplorer] [39m[32mMapped {/clientes, GET} route[39m[38;5;3m +0ms[39m
[32m[Nest] 99519  - [39m02/25/2025, 7:08:15 AM [32m    LOG[39m [38;5;3m[RouterExplorer] [39m[32mMapped {/clientes/cnpj/:cnpj, GET} route[39m[38;5;3m +0ms[39m
[32m[Nest] 99519  - [39m02/25/2025, 7:08:15 AM [32m    LOG[39m [38;5;3m[RouterExplorer] [39m[32mMapped {/clientes/:id, GET} route[39m[38;5;3m +1ms[39m
[32m[Nest] 99519  - [39m02/25/2025, 7:08:15 AM [32m    LOG[39m [38;5;3m[RouterExplorer] [39m[32mMapped {/clientes/:id, PATCH} route[39m[38;5;3m +0ms[39m
[32m[Nest] 99519  - [39m02/25/2025, 7:08:15 AM [32m    LOG[39m [38;5;3m[RouterExplorer] [39m[32mMapped {/clientes/:id, DELETE} route[39m[38;5;3m +0ms[39m
[32m[Nest] 99519  - [39m02/25/2025, 7:08:15 AM [32m    LOG[39m [38;5;3m[RoutesResolver] [39m[32mPedidosController {/pedidos}:[39m[38;5;3m +0ms[39m
[32m[Nest] 99519  - [39m02/25/2025, 7:08:15 AM [32m    LOG[39m [38;5;3m[RouterExplorer] [39m[32mMapped {/pedidos, POST} route[39m[38;5;3m +0ms[39m
[32m[Nest] 99519  - [39m02/25/2025, 7:08:15 AM [32m    LOG[39m [38;5;3m[RouterExplorer] [39m[32mMapped {/pedidos/reports/summary, GET} route[39m[38;5;3m +0ms[39m
[32m[Nest] 99519  - [39m02/25/2025, 7:08:15 AM [32m    LOG[39m [38;5;3m[RouterExplorer] [39m[32mMapped {/pedidos/reports/pdf, GET} route[39m[38;5;3m +0ms[39m
[32m[Nest] 99519  - [39m02/25/2025, 7:08:15 AM [32m    LOG[39m [38;5;3m[RouterExplorer] [39m[32mMapped {/pedidos, GET} route[39m[38;5;3m +0ms[39m
[32m[Nest] 99519  - [39m02/25/2025, 7:08:15 AM [32m    LOG[39m [38;5;3m[RouterExplorer] [39m[32mMapped {/pedidos/:id, GET} route[39m[38;5;3m +0ms[39m
[32m[Nest] 99519  - [39m02/25/2025, 7:08:15 AM [32m    LOG[39m [38;5;3m[RouterExplorer] [39m[32mMapped {/pedidos/:id, PATCH} route[39m[38;5;3m +0ms[39m
[32m[Nest] 99519  - [39m02/25/2025, 7:08:15 AM [32m    LOG[39m [38;5;3m[RouterExplorer] [39m[32mMapped {/pedidos/:id, DELETE} route[39m[38;5;3m +0ms[39m
[32m[Nest] 99519  - [39m02/25/2025, 7:08:15 AM [32m    LOG[39m [38;5;3m[RouterExplorer] [39m[32mMapped {/pedidos/:id/repeat, POST} route[39m[38;5;3m +0ms[39m
[32m[Nest] 99519  - [39m02/25/2025, 7:08:15 AM [32m    LOG[39m [38;5;3m[RouterExplorer] [39m[32mMapped {/pedidos/:id/pdf, GET} route[39m[38;5;3m +0ms[39m
[32m[Nest] 99519  - [39m02/25/2025, 7:08:15 AM [32m    LOG[39m [38;5;3m[RouterExplorer] [39m[32mMapped {/pedidos/:id/itens/:itemId, PATCH} route[39m[38;5;3m +0ms[39m
[36mprisma:info[39m Starting a sqlite pool with 21 connections.
[32m[Nest] 99519  - [39m02/25/2025, 7:08:15 AM [32m    LOG[39m [38;5;3m[PdfService] [39m[32mDiretórios inicializados: /Users/wagner/Projetos/Linos/MVP7/packages/backend/uploads/pdfs[39m
[32m[Nest] 99519  - [39m02/25/2025, 7:08:15 AM [32m    LOG[39m [38;5;3m[PdfService] [39m[32mLogo path: /Users/wagner/Projetos/Linos/MVP7/packages/backend/uploads/static/logo.png[39m
[32m[Nest] 99519  - [39m02/25/2025, 7:08:15 AM [32m    LOG[39m [38;5;3m[PdfService] [39m[32mLogo encontrada em: /Users/wagner/Projetos/Linos/MVP7/packages/backend/uploads/static/logo.png[39m
[36mprisma:info[39m Starting a sqlite pool with 21 connections.
[36mprisma:info[39m Starting a sqlite pool with 21 connections.
[32m[Nest] 99519  - [39m02/25/2025, 7:08:15 AM [32m    LOG[39m [38;5;3m[NestApplication] [39m[32mNest application successfully started[39m[38;5;3m +2ms[39m
