[2K[1G[2m$ yarn clean && yarn add --dev @types/react && next build[22m
[2K[1G[2m$ rimraf .next[22m
[2K[1G[33mwarning[39m package-lock.json found. Your project contains lock files generated by tools other than Yarn. It is advised not to mix package managers in order to avoid resolution inconsistencies caused by unsynchronized lock files. To clear this warning, remove package-lock.json.
[2K[1G[2m[1/4][22m 🔍  Resolving packages...
[1G⠁ [0K[1G⠂ safe-regex-test@^1.1.0[0K[1G⠄ @types/react[0K[1G⡀ @types/react[0K[1G⢀ @types/react[0K[1G⠠ @types/react[0K[1G⠐ @types/react[0K[1G⠈ @types/react[0K[1G⠁ @types/react[0K[1G⠂ @types/react[0K[1G⠄ @types/react[0K[1G⡀ @types/react[0K[2K[1G[2K[1G[2m[2/4][22m 🚚  Fetching packages...
[2K[1G[33mwarning[39m Pattern ["@types/react@^19.1.2"] is trying to unpack in the same destination "/Users/wagner/Library/Caches/Yarn/v6/npm-@types-react-19.1.2-11df86f66f188f212c90ecb537327ec68bfd593f-integrity/node_modules/@types/react" as pattern ["@types/react@*"]. This could result in non-deterministic behavior, skipping.
[2K[1G[1G[----------------------------------------------------------------------------------------------------------------------------------------------------] 0/1271[1G[################################------------------------------------------------------------------------------------------------------------------] 280/1271[1G[####################################################################------------------------------------------------------------------------------] 589/1271[1G[#############################################################################################################-------------------------------------] 950/1271[2K[1G[33mwarning[39m bare-fs@4.1.2: The engine "bare" appears to be invalid.
[2K[1G[33mwarning[39m bare-os@3.6.1: The engine "bare" appears to be invalid.
[1G[#################################################################################################################################################] 1271/1271[2K[1G[2m[3/4][22m 🔗  Linking dependencies...
[2K[1G[33mwarning[39m "workspace-aggregator-e9765ed7-2b31-4348-9b89-847ed5fd5744 > @linos/backend > jest-mock-extended@4.0.0-beta1" has unmet peer dependency "@jest/globals@^28.0.0 || ^29.0.0".
[2K[1G[33mwarning[39m "workspace-aggregator-e9765ed7-2b31-4348-9b89-847ed5fd5744 > @linos/backend > ts-loader@9.5.2" has unmet peer dependency "webpack@^5.0.0".
[2K[1G[33mwarning[39m "workspace-aggregator-e9765ed7-2b31-4348-9b89-847ed5fd5744 > @linos/frontend > @mui/material-nextjs@6.4.3" has incorrect peer dependency "@emotion/react@^11.11.4".
[2K[1G[33mwarning[39m "workspace-aggregator-e9765ed7-2b31-4348-9b89-847ed5fd5744 > @linos/frontend > notistack > goober@2.1.16" has unmet peer dependency "csstype@^3.0.10".
[2K[1G[33mwarning[39m "workspace-aggregator-e9765ed7-2b31-4348-9b89-847ed5fd5744 > @linos/frontend > @testing-library/react > @types/react-dom@18.3.6" has incorrect peer dependency "@types/react@^18.0.0".
[2K[1G[2K[1G[1G[----------------------------------------------------------------------------------------------------------------------------------------------------] 0/1292[1G[----------------------------------------------------------------------------------------------------------------------------------------------------] 3/1292[2K[1G[2K[1G[1G[---] 0/3[2K[1G[2K[1G[1G[----------------------------------------------------------------------------------------------------------------------------------------------------] 0/2351[1G[########################--------------------------------------------------------------------------------------------------------------------------] 384/2351[1G[###############################################################################------------------------------------------------------------------] 1274/2351[1G[#################################################################################################################################################] 2351/2351[2K[1G[2m[4/4][22m 🔨  Building fresh packages...
[1G⠁ [0K[1G[2m[1/1][22m ⠂ @linos/backend[0K[1G[2m[1/1][22m ⠄ @linos/backend[0K[1G[2m[1/1][22m ⡀ @linos/backend[0K[1G[2m[1/1][22m ⢀ @linos/backend[0K[1G[2m[1/1][22m ⠠ @linos/backend[0K[1G[2m[1/1][22m ⠐ @linos/backend[0K[1G[2m[1/1][22m ⠈ @linos/backend[0K[1G[2m[1/1][22m ⠁ @linos/backend[0K[1G[2m[1/1][22m ⠂ @linos/backend[0K[1G[2m[1/1][22m ⠄ @linos/backend[0K[1G[2m[1/1][22m ⡀ @linos/backend[0K[1G[2m[1/1][22m ⢀ @linos/backend[0K[1G[2m[1/1][22m ⠠ @linos/backend[0K[1G[2m[1/1][22m ⠐ @linos/backend[0K[2K[1G[2K[1G[32msuccess[39m Saved 1 new dependency.
[2K[1G[34minfo[39m Direct dependencies
[2K[1G[2K[1G[34minfo[39m All dependencies
└─ @types/react@19.1.2
 [33m[1m⚠[22m[39m Invalid next.config.js options detected: 
 [33m[1m⚠[22m[39m     Expected object, received boolean at "experimental.serverActions"
 [33m[1m⚠[22m[39m     Unrecognized key(s) in object: 'swcMinify'
 [33m[1m⚠[22m[39m See more info here: https://nextjs.org/docs/messages/invalid-next-config
   [1m[38;2;173;127;168m▲ Next.js 15.3.1[39m[22m
   - Environments: .env.production.local, .env

 [37m[1m [22m[39m Creating an optimized production build ...
 [32m[1m✓[22m[39m Compiled successfully in 10.0s
 [37m[1m [22m[39m Skipping validation of types
 [37m[1m [22m[39m Skipping linting
[?25l [37m[1m [22m[39m Collecting page data  [36m.[39m[2K[1G [37m[1m [22m[39m Collecting page data  [36m..[39m[2K[1G [37m[1m [22m[39m Collecting page data  [36m...[39m[2K[1G[?25h [37m[1m [22m[39m Collecting page data     [32m[1m✓[22m[39m Collecting page data 
[?25l [37m[1m [22m[39m Generating static pages (0/12)  [36m[    ][39m[2K[1G [37m[1m [22m[39m Generating static pages (0/12)  [36m[=   ][39m[2K[1G [37m[1m [22m[39m Generating static pages (0/12)  [36m[==  ][39m[2K[1G[?25h [32m[1m✓[22m[39m Generating static pages (12/12)
[?25l [37m[1m [22m[39m Finalizing page optimization  [36m.[39m[?25l [37m[1m [22m[39m Collecting build traces  [36m.[39m[2K[1G [37m[1m [22m[39m Finalizing page optimization  [36m..[39m[2K[1G [37m[1m [22m[39m Collecting build traces  [36m..[39m[2K[1G [37m[1m [22m[39m Finalizing page optimization  [36m...[39m[2K[1G [37m[1m [22m[39m Collecting build traces  [36m...[39m[2K[1G [37m[1m [22m[39m Finalizing page optimization  [36m.[39m[2K[1G [37m[1m [22m[39m Collecting build traces  [36m.[39m[2K[1G [37m[1m [22m[39m Finalizing page optimization  [36m..[39m[2K[1G [37m[1m [22m[39m Collecting build traces  [36m..[39m[2K[1G [37m[1m [22m[39m Finalizing page optimization  [36m...[39m[2K[1G [37m[1m [22m[39m Collecting build traces  [36m...[39m[2K[1G [37m[1m [22m[39m Finalizing page optimization  [36m.[39m[2K[1G [37m[1m [22m[39m Collecting build traces  [36m.[39m[2K[1G [37m[1m [22m[39m Finalizing page optimization  [36m..[39m[2K[1G [37m[1m [22m[39m Collecting build traces  [36m..[39m[2K[1G [37m[1m [22m[39m Finalizing page optimization  [36m...[39m[2K[1G [37m[1m [22m[39m Collecting build traces  [36m...[39m[2K[1G [37m[1m [22m[39m Finalizing page optimization  [36m.[39m[2K[1G [37m[1m [22m[39m Collecting build traces  [36m.[39m[2K[1G [37m[1m [22m[39m Finalizing page optimization  [36m..[39m[2K[1G [37m[1m [22m[39m Collecting build traces  [36m..[39m[2K[1G [37m[1m [22m[39m Finalizing page optimization  [36m...[39m[2K[1G [37m[1m [22m[39m Collecting build traces  [36m...[39m[2K[1G[?25h [37m[1m [22m[39m Collecting build traces     [32m[1m✓[22m[39m Collecting build traces 
[2K[1G[?25h [37m[1m [22m[39m Finalizing page optimization     [32m[1m✓[22m[39m Finalizing page optimization 

[4mRoute (app)[24m                                   [4mSize[24m  [4mFirst Load JS[24m  [4m[24m  [4m[24m
┌ ○ /                                      9.11 kB         [37m[1m205 kB[22m[39m
├ ○ /_not-found                              985 B         [37m[1m103 kB[22m[39m
├ ○ /clientes                               5.2 kB         [37m[1m237 kB[22m[39m
├ ƒ /clientes/[id]/editar                    598 B         [37m[1m241 kB[22m[39m
├ ○ /clientes/novo                           412 B         [37m[1m241 kB[22m[39m
├ ○ /login                                   523 B         [37m[1m196 kB[22m[39m
├ ○ /pedidos                               5.69 kB         [37m[1m278 kB[22m[39m
├ ƒ /pedidos/[id]                          9.28 kB         [37m[1m214 kB[22m[39m
├ ƒ /pedidos/[id]/print                      932 B         [37m[1m130 kB[22m[39m
├ ○ /pedidos/novo                          11.8 kB         [37m[1m226 kB[22m[39m
├ ○ /produtos                              4.02 kB         [37m[1m236 kB[22m[39m
├ ƒ /produtos/[id]/editar                    603 B         [37m[1m242 kB[22m[39m
├ ○ /produtos/novo                           572 B         [37m[1m242 kB[22m[39m
└ ○ /relatorios                            3.21 kB         [37m[1m266 kB[22m[39m
+ First Load JS shared by all               [37m[1m102 kB[22m[39m
  ├ chunks/8315-6c34e9d54116fb5f.js        46.5 kB
  ├ chunks/87c73c54-725821fbffb66be3.js    53.2 kB
  └ other shared chunks (total)            1.93 kB

[4mRoute (pages)[24m                                 [4mSize[24m  [4mFirst Load JS[24m  [4m[24m  [4m[24m
┌   /_app                                      0 B        [37m[1m97.3 kB[22m[39m
└ ƒ /api/health                                0 B        [37m[1m97.3 kB[22m[39m
+ First Load JS shared by all              [37m[1m97.3 kB[22m[39m
  ├ chunks/framework-eac2b7861404f5e2.js   44.9 kB
  ├ chunks/main-f59512da2012d10c.js          34 kB
  ├ chunks/pages/_app-37e207b5fc741189.js  16.7 kB
  └ other shared chunks (total)             1.7 kB

○  (Static)   prerendered as static content
ƒ  (Dynamic)  server-rendered on demand

[?25h
